<?xml version="1.0" encoding="UTF-8"?>
<!-- Generated by org.testng.reporters.JUnitXMLReporter -->
<testsuite ignored="0" hostname="DESKTOP-G4IK11Q" failures="0" tests="1" name="Test" time="84.654" errors="0" timestamp="2023-07-03T08:30:28 IST">
  <testcase classname="test.ValidateUserNameFromPolicyBazzar" name="@BeforeMethod logintoPolicybazzar" time="42.56">
    <failure type="org.openqa.selenium.NoSuchElementException" message="Unable to find element with locator By.xpath: (//span[text()=&amp;apos;Sign in with Password&amp;apos;])[2]
For documentation on this error, please visit: https://selenium.dev/exceptions/#no_such_element
Build info: version: &amp;apos;4.9.1&amp;apos;, revision: &amp;apos;eb2032df7f&amp;apos;
System info: os.name: &amp;apos;Windows 10&amp;apos;, os.arch: &amp;apos;amd64&amp;apos;, os.version: &amp;apos;10.0&amp;apos;, java.version: &amp;apos;17.0.6&amp;apos;
Driver info: driver.version: RemoteWebDriver">
      <![CDATA[org.openqa.selenium.NoSuchElementException: Unable to find element with locator By.xpath: (//span[text()='Sign in with Password'])[2]
For documentation on this error, please visit: https://selenium.dev/exceptions/#no_such_element
Build info: version: '4.9.1', revision: 'eb2032df7f'
System info: os.name: 'Windows 10', os.arch: 'amd64', os.version: '10.0', java.version: '17.0.6'
Driver info: driver.version: RemoteWebDriver
at org.openqa.selenium.remote.ElementLocation$ElementFinder$2.findElement(ElementLocation.java:165)
at org.openqa.selenium.remote.ElementLocation.findElement(ElementLocation.java:60)
at org.openqa.selenium.remote.RemoteWebDriver.findElement(RemoteWebDriver.java:352)
at org.openqa.selenium.remote.RemoteWebDriver.findElement(RemoteWebDriver.java:344)
at org.openqa.selenium.support.pagefactory.DefaultElementLocator.findElement(DefaultElementLocator.java:70)
at org.openqa.selenium.support.pagefactory.internal.LocatingElementHandler.invoke(LocatingElementHandler.java:39)
at jdk.proxy2/jdk.proxy2.$Proxy15.click(Unknown Source)
at pom.LoginPage.ClickonSingInWithPassword(LoginPage.java:40)
at test.ValidateUserNameFromPolicyBazzar.logintoPolicybazzar(ValidateUserNameFromPolicyBazzar.java:49)
at java.base/java.util.ArrayList.forEach(ArrayList.java:1511)
... Removed 35 stack frames]]>
    </failure>
  </testcase> <!-- @BeforeMethod logintoPolicybazzar -->
  <testcase classname="test.ValidateUserNameFromPolicyBazzar" name="@AfterMethod logoutpolicyBazzar" time="0.0">
    <skipped/>
  </testcase> <!-- @AfterMethod logoutpolicyBazzar -->
  <testcase classname="test.ValidateUserNameFromPolicyBazzar" name="@AfterClass closePolicyBazzar" time="0.0">
    <skipped/>
  </testcase> <!-- @AfterClass closePolicyBazzar -->
  <testcase classname="test.ValidateUserNameFromPolicyBazzar" name="validateUserName" time="0.001">
    <skipped/>
  </testcase> <!-- validateUserName -->
</testsuite> <!-- Test -->
