<?xml version="1.0" encoding="UTF-8"?>
<testng-results ignored="0" total="1" passed="0" failed="1" skipped="0">
  <reporter-output>
    <line>
      <![CDATA[opening the policy bazzar applocation]]>
    </line>
    <line>
      <![CDATA[for test class wait]]>
    </line>
    <line>
      <![CDATA[for test class wait]]>
    </line>
    <line>
      <![CDATA[Click on Home page  sign in button2]]>
    </line>
    <line>
      <![CDATA[Read data from exelSheet]]>
    </line>
    <line>
      <![CDATA[for test class wait]]>
    </line>
    <line>
      <![CDATA[Enter the MobileNumber]]>
    </line>
    <line>
      <![CDATA[for test class wait]]>
    </line>
    <line>
      <![CDATA[Click on SingInWithPassword button]]>
    </line>
    <line>
      <![CDATA[Read data from exelSheet]]>
    </line>
    <line>
      <![CDATA[for test class wait]]>
    </line>
    <line>
      <![CDATA[Enter the password]]>
    </line>
    <line>
      <![CDATA[for test class wait]]>
    </line>
    <line>
      <![CDATA[Click on pawword  sign in button2]]>
    </line>
    <line>
      <![CDATA[for test class wait]]>
    </line>
    <line>
      <![CDATA[Click on my account button]]>
    </line>
    <line>
      <![CDATA[Click on my profile button]]>
    </line>
    <line>
      <![CDATA[for test class wait]]>
    </line>
    <line>
      <![CDATA[Test validateUserName execution started..]]>
    </line>
    <line>
      <![CDATA[Read data from exelSheet]]>
    </line>
    <line>
      <![CDATA[for tc caputring screenshot ]]>
    </line>
    <line>
      <![CDATA[ScreenShot Location is C:\ScreenShot\img1-t1.jpg]]>
    </line>
    <line>
      <![CDATA[This validateUserName method is Failed, pl try again]]>
    </line>
    <line>
      <![CDATA[logout from policyBazzar]]>
    </line>
    <line>
      <![CDATA[Close the Policy Bazzar&broswer]]>
    </line>
    <line>
      <![CDATA[for close the browser]]>
    </line>
  </reporter-output>
  <suite started-at="2023-07-01T14:53:19 IST" name="Suite" finished-at="2023-07-01T14:55:02 IST" duration-ms="103414">
    <groups>
    </groups>
    <test started-at="2023-07-01T14:53:19 IST" name="Test" finished-at="2023-07-01T14:55:02 IST" duration-ms="103414">
      <class name="test.ValidateUserNameFromPolicyBazzar">
        <test-method is-config="true" signature="lunchPolicyBazzar()[pri:0, instance:test.ValidateUserNameFromPolicyBazzar@6bbe85a8]" started-at="2023-07-01T14:53:19 IST" name="lunchPolicyBazzar" finished-at="2023-07-01T14:54:02 IST" duration-ms="42700" status="PASS">
          <reporter-output>
            <line>
              <![CDATA[opening the policy bazzar applocation]]>
            </line>
          </reporter-output>
        </test-method> <!-- lunchPolicyBazzar -->
        <test-method is-config="true" signature="logintoPolicybazzar()[pri:0, instance:test.ValidateUserNameFromPolicyBazzar@6bbe85a8]" started-at="2023-07-01T14:54:02 IST" name="logintoPolicybazzar" finished-at="2023-07-01T14:54:42 IST" duration-ms="39445" status="PASS">
          <reporter-output>
            <line>
              <![CDATA[for test class wait]]>
            </line>
            <line>
              <![CDATA[for test class wait]]>
            </line>
            <line>
              <![CDATA[Click on Home page  sign in button2]]>
            </line>
            <line>
              <![CDATA[Read data from exelSheet]]>
            </line>
            <line>
              <![CDATA[for test class wait]]>
            </line>
            <line>
              <![CDATA[Enter the MobileNumber]]>
            </line>
            <line>
              <![CDATA[for test class wait]]>
            </line>
            <line>
              <![CDATA[Click on SingInWithPassword button]]>
            </line>
            <line>
              <![CDATA[Read data from exelSheet]]>
            </line>
            <line>
              <![CDATA[for test class wait]]>
            </line>
            <line>
              <![CDATA[Enter the password]]>
            </line>
            <line>
              <![CDATA[for test class wait]]>
            </line>
            <line>
              <![CDATA[Click on pawword  sign in button2]]>
            </line>
            <line>
              <![CDATA[for test class wait]]>
            </line>
            <line>
              <![CDATA[Click on my account button]]>
            </line>
            <line>
              <![CDATA[Click on my profile button]]>
            </line>
            <line>
              <![CDATA[for test class wait]]>
            </line>
          </reporter-output>
        </test-method> <!-- logintoPolicybazzar -->
        <test-method signature="validateUserName()[pri:0, instance:test.ValidateUserNameFromPolicyBazzar@6bbe85a8]" started-at="2023-07-01T14:54:42 IST" name="validateUserName" finished-at="2023-07-01T14:54:58 IST" duration-ms="16593" status="FAIL">
          <exception class="java.lang.AssertionError">
            <message>
              <![CDATA[Expectun and actualun is not match test case is fail expected [Sonali Deshmukh] but found [7057614152]]]>
            </message>
            <full-stacktrace>
              <![CDATA[java.lang.AssertionError: Expectun and actualun is not match test case is fail expected [Sonali Deshmukh] but found [7057614152]
at org.testng.Assert.fail(Assert.java:111)
at org.testng.Assert.failNotEquals(Assert.java:1578)
at org.testng.Assert.assertEqualsImpl(Assert.java:150)
at org.testng.Assert.assertEquals(Assert.java:132)
at org.testng.Assert.assertEquals(Assert.java:656)
at test.ValidateUserNameFromPolicyBazzar.validateUserName(ValidateUserNameFromPolicyBazzar.java:89)
at java.base/jdk.internal.reflect.NativeMethodAccessorImpl.invoke0(Native Method)
at java.base/jdk.internal.reflect.NativeMethodAccessorImpl.invoke(NativeMethodAccessorImpl.java:77)
at java.base/jdk.internal.reflect.DelegatingMethodAccessorImpl.invoke(DelegatingMethodAccessorImpl.java:43)
at java.base/java.lang.reflect.Method.invoke(Method.java:568)
at org.testng.internal.invokers.MethodInvocationHelper.invokeMethod(MethodInvocationHelper.java:139)
at org.testng.internal.invokers.TestInvoker.invokeMethod(TestInvoker.java:664)
at org.testng.internal.invokers.TestInvoker.invokeTestMethod(TestInvoker.java:227)
at org.testng.internal.invokers.MethodRunner.runInSequence(MethodRunner.java:50)
at org.testng.internal.invokers.TestInvoker$MethodInvocationAgent.invoke(TestInvoker.java:957)
at org.testng.internal.invokers.TestInvoker.invokeTestMethods(TestInvoker.java:200)
at org.testng.internal.invokers.TestMethodWorker.invokeTestMethods(TestMethodWorker.java:148)
at org.testng.internal.invokers.TestMethodWorker.run(TestMethodWorker.java:128)
at java.base/java.util.ArrayList.forEach(ArrayList.java:1511)
at org.testng.TestRunner.privateRun(TestRunner.java:848)
at org.testng.TestRunner.run(TestRunner.java:621)
at org.testng.SuiteRunner.runTest(SuiteRunner.java:443)
at org.testng.SuiteRunner.runSequentially(SuiteRunner.java:437)
at org.testng.SuiteRunner.privateRun(SuiteRunner.java:397)
at org.testng.SuiteRunner.run(SuiteRunner.java:336)
at org.testng.SuiteRunnerWorker.runSuite(SuiteRunnerWorker.java:52)
at org.testng.SuiteRunnerWorker.run(SuiteRunnerWorker.java:95)
at org.testng.TestNG.runSuitesSequentially(TestNG.java:1280)
at org.testng.TestNG.runSuitesLocally(TestNG.java:1200)
at org.testng.TestNG.runSuites(TestNG.java:1114)
at org.testng.TestNG.run(TestNG.java:1082)
at org.testng.remote.AbstractRemoteTestNG.run(AbstractRemoteTestNG.java:115)
at org.testng.remote.RemoteTestNG.initAndRun(RemoteTestNG.java:251)
at org.testng.remote.RemoteTestNG.main(RemoteTestNG.java:77)
]]>
            </full-stacktrace>
          </exception> <!-- java.lang.AssertionError -->
          <reporter-output>
            <line>
              <![CDATA[Test validateUserName execution started..]]>
            </line>
            <line>
              <![CDATA[Read data from exelSheet]]>
            </line>
            <line>
              <![CDATA[for tc caputring screenshot ]]>
            </line>
            <line>
              <![CDATA[ScreenShot Location is C:\ScreenShot\img1-t1.jpg]]>
            </line>
            <line>
              <![CDATA[This validateUserName method is Failed, pl try again]]>
            </line>
          </reporter-output>
        </test-method> <!-- validateUserName -->
        <test-method is-config="true" signature="logoutpolicyBazzar()[pri:0, instance:test.ValidateUserNameFromPolicyBazzar@6bbe85a8]" started-at="2023-07-01T14:54:59 IST" name="logoutpolicyBazzar" finished-at="2023-07-01T14:55:01 IST" duration-ms="1593" status="PASS">
          <reporter-output>
            <line>
              <![CDATA[logout from policyBazzar]]>
            </line>
          </reporter-output>
        </test-method> <!-- logoutpolicyBazzar -->
        <test-method is-config="true" signature="closePolicyBazzar()[pri:0, instance:test.ValidateUserNameFromPolicyBazzar@6bbe85a8]" started-at="2023-07-01T14:55:01 IST" name="closePolicyBazzar" finished-at="2023-07-01T14:55:02 IST" duration-ms="1891" status="PASS">
          <reporter-output>
            <line>
              <![CDATA[Close the Policy Bazzar&broswer]]>
            </line>
            <line>
              <![CDATA[for close the browser]]>
            </line>
          </reporter-output>
        </test-method> <!-- closePolicyBazzar -->
      </class> <!-- test.ValidateUserNameFromPolicyBazzar -->
    </test> <!-- Test -->
  </suite> <!-- Suite -->
</testng-results>
